Jun 02, 2023 2:30:52 PM org.apache.coyote.AbstractProtocol init
INFO: Initializing ProtocolHandler ["http-nio-auto-1"]
Jun 02, 2023 2:30:52 PM org.apache.tomcat.util.net.NioSelectorPool getSharedSelector
INFO: Using a shared selector for servlet write/read
Jun 02, 2023 2:30:52 PM org.apache.catalina.core.StandardService startInternal
INFO: Starting service [Tomcat]
Jun 02, 2023 2:30:52 PM org.apache.catalina.core.StandardEngine startInternal
INFO: Starting Servlet engine: [Apache Tomcat/8.5.69]
Jun 02, 2023 2:30:52 PM org.apache.coyote.AbstractProtocol start
INFO: Starting ProtocolHandler ["http-nio-auto-1-36101"]
Jun 02, 2023 2:30:55 PM exercise.servlet.SessionServlet login
INFO: lavern.keeling@gmail.com
Jun 02, 2023 2:30:55 PM exercise.servlet.SessionServlet login
INFO: shoshana.haley@hotmail.com
Jun 02, 2023 2:30:55 PM exercise.servlet.SessionServlet login
INFO: suzann.barrows@hotmail.com
Jun 02, 2023 2:30:55 PM exercise.servlet.SessionServlet login
INFO: lavern.keeling@gmail.com
Jun 02, 2023 2:30:56 PM exercise.servlet.SessionServlet login
INFO: lavern.keeling@gmail.com
Jun 02, 2023 2:30:56 PM exercise.servlet.SessionServlet login
INFO: lavern.keeling@gmail.com
Jun 02, 2023 2:30:56 PM org.apache.coyote.AbstractProtocol pause
INFO: Pausing ProtocolHandler ["http-nio-auto-1-36101"]
Jun 02, 2023 2:30:56 PM org.apache.catalina.core.StandardService stopInternal
INFO: Stopping service [Tomcat]
Jun 02, 2023 2:30:56 PM org.apache.catalina.loader.WebappClassLoaderBase clearReferencesObjectStreamClassCaches
WARNING: When running on Java 9 or later you need to add "--add-opens=java.base/java.io=null" to the JVM command line arguments to enable ObjectStream cache memory leak protection. Alternatively, you can suppress this warning by disabling ObjectStream class cache memory leak protection.
Jun 02, 2023 2:30:56 PM org.apache.catalina.loader.WebappClassLoaderBase clearReferencesRmiTargets
WARNING: When running on Java 9 or later you need to add "--add-opens=java.rmi/sun.rmi.transport=null" to the JVM command line arguments to enable RMI Target memory leak detection. Alternatively, you can suppress this warning by disabling RMI Target memory leak detection.
Jun 02, 2023 2:30:56 PM org.apache.coyote.AbstractProtocol stop
INFO: Stopping ProtocolHandler ["http-nio-auto-1-36101"]
Jun 02, 2023 2:31:19 PM org.apache.coyote.AbstractProtocol init
INFO: Initializing ProtocolHandler ["http-nio-8000"]
Jun 02, 2023 2:31:19 PM org.apache.tomcat.util.net.NioSelectorPool getSharedSelector
INFO: Using a shared selector for servlet write/read
Jun 02, 2023 2:31:19 PM org.apache.catalina.core.StandardService startInternal
INFO: Starting service [Tomcat]
Jun 02, 2023 2:31:19 PM org.apache.catalina.core.StandardEngine startInternal
INFO: Starting Servlet engine: [Apache Tomcat/8.5.69]
Jun 02, 2023 2:31:20 PM org.apache.coyote.AbstractProtocol start
INFO: Starting ProtocolHandler ["http-nio-8000"]
Jun 02, 2023 2:32:06 PM exercise.servlet.SessionServlet login
INFO: pamala.ryan@hotmail.com
Jun 02, 2023 2:34:19 PM org.apache.coyote.AbstractProtocol init
INFO: Initializing ProtocolHandler ["http-nio-8000"]
Jun 02, 2023 2:34:20 PM org.apache.tomcat.util.net.NioSelectorPool getSharedSelector
INFO: Using a shared selector for servlet write/read
Jun 02, 2023 2:34:20 PM org.apache.catalina.core.StandardService startInternal
INFO: Starting service [Tomcat]
Jun 02, 2023 2:34:20 PM org.apache.catalina.core.StandardEngine startInternal
INFO: Starting Servlet engine: [Apache Tomcat/8.5.69]
Jun 02, 2023 2:34:20 PM org.apache.coyote.AbstractProtocol start
INFO: Starting ProtocolHandler ["http-nio-8000"]
Jun 02, 2023 2:34:22 PM org.apache.catalina.core.StandardWrapperValve invoke
SEVERE: Servlet.service() for servlet [UsersServlet] in context with path [] threw exception
java.lang.NullPointerException: Cannot invoke "String.hashCode()" because "<local4>" is null
	at exercise.servlet.UsersServlet.doGet(UsersServlet.java:47)
	at javax.servlet.http.HttpServlet.service(HttpServlet.java:655)
	at javax.servlet.http.HttpServlet.service(HttpServlet.java:764)
	at org.apache.catalina.core.ApplicationFilterChain.internalDoFilter(ApplicationFilterChain.java:232)
	at org.apache.catalina.core.ApplicationFilterChain.doFilter(ApplicationFilterChain.java:167)
	at org.apache.catalina.core.StandardWrapperValve.invoke(StandardWrapperValve.java:202)
	at org.apache.catalina.core.StandardContextValve.invoke(StandardContextValve.java:97)
	at org.apache.catalina.authenticator.AuthenticatorBase.invoke(AuthenticatorBase.java:544)
	at org.apache.catalina.core.StandardHostValve.invoke(StandardHostValve.java:143)
	at org.apache.catalina.valves.ErrorReportValve.invoke(ErrorReportValve.java:81)
	at org.apache.catalina.core.StandardEngineValve.invoke(StandardEngineValve.java:78)
	at org.apache.catalina.connector.CoyoteAdapter.service(CoyoteAdapter.java:364)
	at org.apache.coyote.http11.Http11Processor.service(Http11Processor.java:624)
	at org.apache.coyote.AbstractProcessorLight.process(AbstractProcessorLight.java:65)
	at org.apache.coyote.AbstractProtocol$ConnectionHandler.process(AbstractProtocol.java:831)
	at org.apache.tomcat.util.net.NioEndpoint$SocketProcessor.doRun(NioEndpoint.java:1651)
	at org.apache.tomcat.util.net.SocketProcessorBase.run(SocketProcessorBase.java:49)
	at java.base/java.util.concurrent.ThreadPoolExecutor.runWorker(ThreadPoolExecutor.java:1136)
	at java.base/java.util.concurrent.ThreadPoolExecutor$Worker.run(ThreadPoolExecutor.java:635)
	at org.apache.tomcat.util.threads.TaskThread$WrappingRunnable.run(TaskThread.java:61)
	at java.base/java.lang.Thread.run(Thread.java:833)

Jun 02, 2023 2:37:26 PM org.apache.coyote.AbstractProtocol init
INFO: Initializing ProtocolHandler ["http-nio-8000"]
Jun 02, 2023 2:37:26 PM org.apache.tomcat.util.net.NioSelectorPool getSharedSelector
INFO: Using a shared selector for servlet write/read
Jun 02, 2023 2:37:26 PM org.apache.catalina.core.StandardService startInternal
INFO: Starting service [Tomcat]
Jun 02, 2023 2:37:26 PM org.apache.catalina.core.StandardEngine startInternal
INFO: Starting Servlet engine: [Apache Tomcat/8.5.69]
Jun 02, 2023 2:37:26 PM org.apache.coyote.AbstractProtocol start
INFO: Starting ProtocolHandler ["http-nio-8000"]
